{"C:\\Users\\Dom Breaker\\Desktop\\dev\\Medium390Clone\\Backend\\src\\app.js": {"path":"C:\\Users\\Dom Breaker\\Desktop\\dev\\Medium390Clone\\Backend\\src\\app.js","statementMap":{"0":{"start":{"line":4,"column":0},"end":{"line":4,"column":10}},"1":{"start":{"line":5,"column":12},"end":{"line":5,"column":21}},"2":{"start":{"line":6,"column":0},"end":{"line":6,"column":24}},"3":{"start":{"line":7,"column":0},"end":{"line":7,"column":15}},"4":{"start":{"line":8,"column":0},"end":{"line":10,"column":3}},"5":{"start":{"line":9,"column":2},"end":{"line":9,"column":51}}},"fnMap":{"0":{"name":"(anonymous_0)","decl":{"start":{"line":8,"column":13},"end":{"line":8,"column":14}},"loc":{"start":{"line":8,"column":27},"end":{"line":10,"column":1}},"line":8}},"branchMap":{},"s":{"0":2,"1":2,"2":2,"3":2,"4":2,"5":0},"f":{"0":0},"b":{},"_coverageSchema":"1a1c01bbd47fc00a2c39e90264f33305004495a9","hash":"f5895d2e0ae43697afd0ddb0f1f2d34211cf6d94"}
,"C:\\Users\\Dom Breaker\\Desktop\\dev\\Medium390Clone\\Backend\\src\\controllers\\user.js": {"path":"C:\\Users\\Dom Breaker\\Desktop\\dev\\Medium390Clone\\Backend\\src\\controllers\\user.js","statementMap":{"0":{"start":{"line":8,"column":48},"end":{"line":8,"column":56}},"1":{"start":{"line":10,"column":24},"end":{"line":10,"column":53}},"2":{"start":{"line":12,"column":4},"end":{"line":14,"column":5}},"3":{"start":{"line":13,"column":6},"end":{"line":13,"column":71}},"4":{"start":{"line":16,"column":27},"end":{"line":16,"column":59}},"5":{"start":{"line":18,"column":4},"end":{"line":20,"column":5}},"6":{"start":{"line":19,"column":6},"end":{"line":19,"column":74}},"7":{"start":{"line":22,"column":17},"end":{"line":22,"column":40}},"8":{"start":{"line":24,"column":25},"end":{"line":24,"column":58}},"9":{"start":{"line":25,"column":4},"end":{"line":42,"column":5}},"10":{"start":{"line":26,"column":19},"end":{"line":32,"column":8}},"11":{"start":{"line":34,"column":6},"end":{"line":37,"column":9}},"12":{"start":{"line":39,"column":6},"end":{"line":41,"column":9}},"13":{"start":{"line":46,"column":4},"end":{"line":80,"column":5}},"14":{"start":{"line":47,"column":34},"end":{"line":47,"column":42}},"15":{"start":{"line":48,"column":19},"end":{"line":48,"column":48}},"16":{"start":{"line":50,"column":6},"end":{"line":54,"column":7}},"17":{"start":{"line":51,"column":8},"end":{"line":53,"column":11}},"18":{"start":{"line":55,"column":24},"end":{"line":55,"column":69}},"19":{"start":{"line":56,"column":6},"end":{"line":60,"column":7}},"20":{"start":{"line":57,"column":8},"end":{"line":59,"column":61}},"21":{"start":{"line":61,"column":20},"end":{"line":61,"column":73}},"22":{"start":{"line":63,"column":6},"end":{"line":63,"column":61}},"23":{"start":{"line":65,"column":32},"end":{"line":65,"column":36}},"24":{"start":{"line":67,"column":6},"end":{"line":74,"column":9}},"25":{"start":{"line":76,"column":6},"end":{"line":79,"column":9}},"26":{"start":{"line":84,"column":4},"end":{"line":84,"column":29}},"27":{"start":{"line":85,"column":4},"end":{"line":87,"column":7}},"28":{"start":{"line":91,"column":19},"end":{"line":91,"column":29}},"29":{"start":{"line":93,"column":4},"end":{"line":112,"column":5}},"30":{"start":{"line":94,"column":24},"end":{"line":94,"column":56}},"31":{"start":{"line":95,"column":6},"end":{"line":99,"column":7}},"32":{"start":{"line":96,"column":8},"end":{"line":98,"column":11}},"33":{"start":{"line":100,"column":45},"end":{"line":100,"column":54}},"34":{"start":{"line":101,"column":6},"end":{"line":106,"column":9}},"35":{"start":{"line":108,"column":6},"end":{"line":111,"column":9}},"36":{"start":{"line":117,"column":19},"end":{"line":117,"column":29}},"37":{"start":{"line":119,"column":4},"end":{"line":147,"column":5}},"38":{"start":{"line":120,"column":24},"end":{"line":120,"column":56}},"39":{"start":{"line":121,"column":6},"end":{"line":125,"column":7}},"40":{"start":{"line":122,"column":8},"end":{"line":124,"column":11}},"41":{"start":{"line":126,"column":43},"end":{"line":126,"column":51}},"42":{"start":{"line":127,"column":29},"end":{"line":136,"column":7}},"43":{"start":{"line":138,"column":6},"end":{"line":141,"column":9}},"44":{"start":{"line":143,"column":6},"end":{"line":146,"column":9}}},"fnMap":{"0":{"name":"(anonymous_0)","decl":{"start":{"line":7,"column":2},"end":{"line":7,"column":3}},"loc":{"start":{"line":7,"column":38},"end":{"line":43,"column":3}},"line":7},"1":{"name":"(anonymous_1)","decl":{"start":{"line":45,"column":2},"end":{"line":45,"column":3}},"loc":{"start":{"line":45,"column":32},"end":{"line":81,"column":3}},"line":45},"2":{"name":"(anonymous_2)","decl":{"start":{"line":83,"column":2},"end":{"line":83,"column":3}},"loc":{"start":{"line":83,"column":27},"end":{"line":88,"column":3}},"line":83},"3":{"name":"(anonymous_3)","decl":{"start":{"line":90,"column":2},"end":{"line":90,"column":3}},"loc":{"start":{"line":90,"column":40},"end":{"line":114,"column":3}},"line":90},"4":{"name":"(anonymous_4)","decl":{"start":{"line":116,"column":2},"end":{"line":116,"column":3}},"loc":{"start":{"line":116,"column":43},"end":{"line":148,"column":3}},"line":116}},"branchMap":{"0":{"loc":{"start":{"line":12,"column":4},"end":{"line":14,"column":5}},"type":"if","locations":[{"start":{"line":12,"column":4},"end":{"line":14,"column":5}},{"start":{},"end":{}}],"line":12},"1":{"loc":{"start":{"line":18,"column":4},"end":{"line":20,"column":5}},"type":"if","locations":[{"start":{"line":18,"column":4},"end":{"line":20,"column":5}},{"start":{},"end":{}}],"line":18},"2":{"loc":{"start":{"line":50,"column":6},"end":{"line":54,"column":7}},"type":"if","locations":[{"start":{"line":50,"column":6},"end":{"line":54,"column":7}},{"start":{},"end":{}}],"line":50},"3":{"loc":{"start":{"line":56,"column":6},"end":{"line":60,"column":7}},"type":"if","locations":[{"start":{"line":56,"column":6},"end":{"line":60,"column":7}},{"start":{},"end":{}}],"line":56},"4":{"loc":{"start":{"line":95,"column":6},"end":{"line":99,"column":7}},"type":"if","locations":[{"start":{"line":95,"column":6},"end":{"line":99,"column":7}},{"start":{},"end":{}}],"line":95},"5":{"loc":{"start":{"line":121,"column":6},"end":{"line":125,"column":7}},"type":"if","locations":[{"start":{"line":121,"column":6},"end":{"line":125,"column":7}},{"start":{},"end":{}}],"line":121}},"s":{"0":3,"1":3,"2":3,"3":1,"4":2,"5":2,"6":1,"7":1,"8":1,"9":1,"10":1,"11":1,"12":0,"13":7,"14":7,"15":7,"16":7,"17":1,"18":6,"19":6,"20":1,"21":5,"22":5,"23":5,"24":5,"25":0,"26":1,"27":1,"28":2,"29":2,"30":2,"31":1,"32":0,"33":1,"34":1,"35":1,"36":2,"37":2,"38":2,"39":2,"40":1,"41":1,"42":1,"43":1,"44":0},"f":{"0":3,"1":7,"2":1,"3":2,"4":2},"b":{"0":[1,2],"1":[1,1],"2":[1,6],"3":[1,5],"4":[0,1],"5":[1,1]},"_coverageSchema":"1a1c01bbd47fc00a2c39e90264f33305004495a9","hash":"2cd29b7b83d28ca0d56fd1b2b232684dd8c20c22"}
,"C:\\Users\\Dom Breaker\\Desktop\\dev\\Medium390Clone\\Backend\\src\\db\\db.js": {"path":"C:\\Users\\Dom Breaker\\Desktop\\dev\\Medium390Clone\\Backend\\src\\db\\db.js","statementMap":{"0":{"start":{"line":2,"column":21},"end":{"line":2,"column":32}},"1":{"start":{"line":4,"column":4},"end":{"line":11,"column":6}},"2":{"start":{"line":6,"column":8},"end":{"line":6,"column":47}},"3":{"start":{"line":9,"column":8},"end":{"line":9,"column":33}},"4":{"start":{"line":10,"column":8},"end":{"line":10,"column":23}}},"fnMap":{"0":{"name":"connect","decl":{"start":{"line":3,"column":9},"end":{"line":3,"column":16}},"loc":{"start":{"line":3,"column":18},"end":{"line":12,"column":1}},"line":3},"1":{"name":"(anonymous_1)","decl":{"start":{"line":5,"column":10},"end":{"line":5,"column":11}},"loc":{"start":{"line":5,"column":14},"end":{"line":7,"column":5}},"line":5},"2":{"name":"(anonymous_2)","decl":{"start":{"line":8,"column":11},"end":{"line":8,"column":12}},"loc":{"start":{"line":8,"column":20},"end":{"line":11,"column":5}},"line":8}},"branchMap":{},"s":{"0":2,"1":2,"2":2,"3":0,"4":0},"f":{"0":2,"1":2,"2":0},"b":{},"_coverageSchema":"1a1c01bbd47fc00a2c39e90264f33305004495a9","hash":"fae78625403ff73a9b933786e41877fddc71b95f"}
,"C:\\Users\\Dom Breaker\\Desktop\\dev\\Medium390Clone\\Backend\\src\\middleware\\checkAuth.js": {"path":"C:\\Users\\Dom Breaker\\Desktop\\dev\\Medium390Clone\\Backend\\src\\middleware\\checkAuth.js","statementMap":{"0":{"start":{"line":3,"column":25},"end":{"line":18,"column":1}},"1":{"start":{"line":4,"column":16},"end":{"line":4,"column":43}},"2":{"start":{"line":6,"column":2},"end":{"line":8,"column":3}},"3":{"start":{"line":7,"column":4},"end":{"line":7,"column":57}},"4":{"start":{"line":10,"column":2},"end":{"line":17,"column":3}},"5":{"start":{"line":11,"column":20},"end":{"line":11,"column":63}},"6":{"start":{"line":13,"column":4},"end":{"line":13,"column":28}},"7":{"start":{"line":14,"column":4},"end":{"line":14,"column":11}},"8":{"start":{"line":16,"column":4},"end":{"line":16,"column":56}}},"fnMap":{"0":{"name":"(anonymous_0)","decl":{"start":{"line":3,"column":25},"end":{"line":3,"column":26}},"loc":{"start":{"line":3,"column":45},"end":{"line":18,"column":1}},"line":3}},"branchMap":{"0":{"loc":{"start":{"line":6,"column":2},"end":{"line":8,"column":3}},"type":"if","locations":[{"start":{"line":6,"column":2},"end":{"line":8,"column":3}},{"start":{},"end":{}}],"line":6}},"s":{"0":2,"1":5,"2":5,"3":1,"4":4,"5":4,"6":4,"7":4,"8":0},"f":{"0":5},"b":{"0":[1,4]},"_coverageSchema":"1a1c01bbd47fc00a2c39e90264f33305004495a9","hash":"63c0d74daef3e377162521fa193b12f4fa989210"}
,"C:\\Users\\Dom Breaker\\Desktop\\dev\\Medium390Clone\\Backend\\src\\middleware\\validate.js": {"path":"C:\\Users\\Dom Breaker\\Desktop\\dev\\Medium390Clone\\Backend\\src\\middleware\\validate.js","statementMap":{"0":{"start":{"line":4,"column":28},"end":{"line":11,"column":4}},"1":{"start":{"line":13,"column":18},"end":{"line":18,"column":4}}},"fnMap":{},"branchMap":{},"s":{"0":2,"1":2},"f":{},"b":{},"_coverageSchema":"1a1c01bbd47fc00a2c39e90264f33305004495a9","hash":"de6040924daab8d06a6b84d59ee5af74b527a2d1"}
,"C:\\Users\\Dom Breaker\\Desktop\\dev\\Medium390Clone\\Backend\\src\\model\\user.js": {"path":"C:\\Users\\Dom Breaker\\Desktop\\dev\\Medium390Clone\\Backend\\src\\model\\user.js","statementMap":{"0":{"start":{"line":3,"column":19},"end":{"line":31,"column":2}}},"fnMap":{},"branchMap":{},"s":{"0":2},"f":{},"b":{},"_coverageSchema":"1a1c01bbd47fc00a2c39e90264f33305004495a9","hash":"75882acb962f6252664bf27bb2b1ff4ca4687ed4"}
,"C:\\Users\\Dom Breaker\\Desktop\\dev\\Medium390Clone\\Backend\\src\\routes\\index.js": {"path":"C:\\Users\\Dom Breaker\\Desktop\\dev\\Medium390Clone\\Backend\\src\\routes\\index.js","statementMap":{"0":{"start":{"line":4,"column":15},"end":{"line":4,"column":24}},"1":{"start":{"line":6,"column":0},"end":{"line":6,"column":30}}},"fnMap":{},"branchMap":{},"s":{"0":2,"1":2},"f":{},"b":{},"_coverageSchema":"1a1c01bbd47fc00a2c39e90264f33305004495a9","hash":"955919d23608cd1030ecdbf3db9697d89f0b02db"}
,"C:\\Users\\Dom Breaker\\Desktop\\dev\\Medium390Clone\\Backend\\src\\routes\\api-v1\\auth.js": {"path":"C:\\Users\\Dom Breaker\\Desktop\\dev\\Medium390Clone\\Backend\\src\\routes\\api-v1\\auth.js","statementMap":{"0":{"start":{"line":5,"column":15},"end":{"line":5,"column":24}},"1":{"start":{"line":7,"column":0},"end":{"line":7,"column":79}},"2":{"start":{"line":8,"column":0},"end":{"line":8,"column":63}},"3":{"start":{"line":9,"column":0},"end":{"line":9,"column":48}}},"fnMap":{},"branchMap":{},"s":{"0":2,"1":2,"2":2,"3":2},"f":{},"b":{},"_coverageSchema":"1a1c01bbd47fc00a2c39e90264f33305004495a9","hash":"9e6772e80b5d9c35623761b706510799754cf2a6"}
,"C:\\Users\\Dom Breaker\\Desktop\\dev\\Medium390Clone\\Backend\\src\\routes\\api-v1\\index.js": {"path":"C:\\Users\\Dom Breaker\\Desktop\\dev\\Medium390Clone\\Backend\\src\\routes\\api-v1\\index.js","statementMap":{"0":{"start":{"line":5,"column":16},"end":{"line":5,"column":25}},"1":{"start":{"line":6,"column":0},"end":{"line":6,"column":37}},"2":{"start":{"line":7,"column":0},"end":{"line":7,"column":32}}},"fnMap":{},"branchMap":{},"s":{"0":2,"1":2,"2":2},"f":{},"b":{},"_coverageSchema":"1a1c01bbd47fc00a2c39e90264f33305004495a9","hash":"c93eb6cf7692f587197f41f5e4a664a34a613526"}
,"C:\\Users\\Dom Breaker\\Desktop\\dev\\Medium390Clone\\Backend\\src\\routes\\api-v1\\user.js": {"path":"C:\\Users\\Dom Breaker\\Desktop\\dev\\Medium390Clone\\Backend\\src\\routes\\api-v1\\user.js","statementMap":{"0":{"start":{"line":5,"column":18},"end":{"line":5,"column":27}},"1":{"start":{"line":7,"column":0},"end":{"line":7,"column":64}},"2":{"start":{"line":8,"column":0},"end":{"line":8,"column":65}}},"fnMap":{},"branchMap":{},"s":{"0":2,"1":2,"2":2},"f":{},"b":{},"_coverageSchema":"1a1c01bbd47fc00a2c39e90264f33305004495a9","hash":"bc198ba1367679f809781a7cd2b6876b9201aa64"}
,"C:\\Users\\Dom Breaker\\Desktop\\dev\\Medium390Clone\\Backend\\src\\test\\index.js": {"path":"C:\\Users\\Dom Breaker\\Desktop\\dev\\Medium390Clone\\Backend\\src\\test\\index.js","statementMap":{"0":{"start":{"line":4,"column":16},"end":{"line":4,"column":25}},"1":{"start":{"line":5,"column":20},"end":{"line":5,"column":32}},"2":{"start":{"line":8,"column":4},"end":{"line":8,"column":48}},"3":{"start":{"line":12,"column":4},"end":{"line":12,"column":47}},"4":{"start":{"line":16,"column":4},"end":{"line":16,"column":47}},"5":{"start":{"line":20,"column":4},"end":{"line":20,"column":50}}},"fnMap":{"0":{"name":"(anonymous_0)","decl":{"start":{"line":7,"column":2},"end":{"line":7,"column":3}},"loc":{"start":{"line":7,"column":19},"end":{"line":9,"column":3}},"line":7},"1":{"name":"(anonymous_1)","decl":{"start":{"line":11,"column":2},"end":{"line":11,"column":3}},"loc":{"start":{"line":11,"column":18},"end":{"line":13,"column":3}},"line":11},"2":{"name":"(anonymous_2)","decl":{"start":{"line":15,"column":2},"end":{"line":15,"column":3}},"loc":{"start":{"line":15,"column":18},"end":{"line":17,"column":3}},"line":15},"3":{"name":"(anonymous_3)","decl":{"start":{"line":19,"column":2},"end":{"line":19,"column":3}},"loc":{"start":{"line":19,"column":21},"end":{"line":21,"column":3}},"line":19}},"branchMap":{},"s":{"0":2,"1":2,"2":11,"3":3,"4":2,"5":0},"f":{"0":11,"1":3,"2":2,"3":0},"b":{},"_coverageSchema":"1a1c01bbd47fc00a2c39e90264f33305004495a9","hash":"7fcc57f83aac9c36bd92557f21b7eefce3addb23"}
,"C:\\Users\\Dom Breaker\\Desktop\\dev\\Medium390Clone\\Backend\\src\\test\\TestData\\userTestData.js": {"path":"C:\\Users\\Dom Breaker\\Desktop\\dev\\Medium390Clone\\Backend\\src\\test\\TestData\\userTestData.js","statementMap":{"0":{"start":{"line":6,"column":13},"end":{"line":6,"column":42}},"1":{"start":{"line":7,"column":13},"end":{"line":7,"column":42}},"2":{"start":{"line":8,"column":13},"end":{"line":8,"column":42}},"3":{"start":{"line":9,"column":13},"end":{"line":9,"column":42}},"4":{"start":{"line":10,"column":13},"end":{"line":10,"column":42}},"5":{"start":{"line":11,"column":13},"end":{"line":11,"column":42}},"6":{"start":{"line":12,"column":13},"end":{"line":12,"column":42}},"7":{"start":{"line":13,"column":13},"end":{"line":13,"column":42}},"8":{"start":{"line":14,"column":13},"end":{"line":14,"column":42}},"9":{"start":{"line":16,"column":13},"end":{"line":16,"column":69}},"10":{"start":{"line":19,"column":19},"end":{"line":19,"column":29}},"11":{"start":{"line":20,"column":15},"end":{"line":20,"column":39}},"12":{"start":{"line":21,"column":21},"end":{"line":21,"column":54}},"13":{"start":{"line":22,"column":16},"end":{"line":79,"column":3}},"14":{"start":{"line":80,"column":2},"end":{"line":80,"column":31}},"15":{"start":{"line":84,"column":2},"end":{"line":84,"column":28}}},"fnMap":{"0":{"name":"createUsers","decl":{"start":{"line":18,"column":15},"end":{"line":18,"column":26}},"loc":{"start":{"line":18,"column":29},"end":{"line":81,"column":1}},"line":18},"1":{"name":"deleteUsers","decl":{"start":{"line":83,"column":15},"end":{"line":83,"column":26}},"loc":{"start":{"line":83,"column":29},"end":{"line":85,"column":1}},"line":83}},"branchMap":{},"s":{"0":2,"1":2,"2":2,"3":2,"4":2,"5":2,"6":2,"7":2,"8":2,"9":2,"10":12,"11":12,"12":12,"13":12,"14":12,"15":12},"f":{"0":12,"1":12},"b":{},"_coverageSchema":"1a1c01bbd47fc00a2c39e90264f33305004495a9","hash":"05a18541220c23426f37ebf7104b13c01745908d"}
}
