{"C:\\Users\\Dom Breaker\\Desktop\\dev\\Medium390Clone\\Backend\\src\\app.js": {"path":"C:\\Users\\Dom Breaker\\Desktop\\dev\\Medium390Clone\\Backend\\src\\app.js","statementMap":{"0":{"start":{"line":5,"column":0},"end":{"line":5,"column":10}},"1":{"start":{"line":6,"column":12},"end":{"line":6,"column":21}},"2":{"start":{"line":8,"column":0},"end":{"line":8,"column":24}},"3":{"start":{"line":9,"column":0},"end":{"line":9,"column":16}},"4":{"start":{"line":10,"column":0},"end":{"line":12,"column":3}},"5":{"start":{"line":11,"column":2},"end":{"line":11,"column":51}}},"fnMap":{"0":{"name":"(anonymous_0)","decl":{"start":{"line":10,"column":13},"end":{"line":10,"column":14}},"loc":{"start":{"line":10,"column":27},"end":{"line":12,"column":1}},"line":10}},"branchMap":{},"s":{"0":3,"1":3,"2":3,"3":3,"4":3,"5":0},"f":{"0":0},"b":{},"_coverageSchema":"1a1c01bbd47fc00a2c39e90264f33305004495a9","hash":"55220740ca15e0aac0a134bb2971a2fe58c18826"}
,"C:\\Users\\Dom Breaker\\Desktop\\dev\\Medium390Clone\\Backend\\src\\controllers\\article.js": {"path":"C:\\Users\\Dom Breaker\\Desktop\\dev\\Medium390Clone\\Backend\\src\\controllers\\article.js","statementMap":{"0":{"start":{"line":5,"column":4},"end":{"line":12,"column":5}},"1":{"start":{"line":6,"column":23},"end":{"line":6,"column":44}},"2":{"start":{"line":7,"column":6},"end":{"line":7,"column":44}},"3":{"start":{"line":9,"column":6},"end":{"line":11,"column":9}},"4":{"start":{"line":16,"column":4},"end":{"line":33,"column":5}},"5":{"start":{"line":17,"column":21},"end":{"line":17,"column":31}},"6":{"start":{"line":18,"column":27},"end":{"line":18,"column":63}},"7":{"start":{"line":19,"column":6},"end":{"line":23,"column":7}},"8":{"start":{"line":20,"column":8},"end":{"line":22,"column":11}},"9":{"start":{"line":24,"column":6},"end":{"line":27,"column":9}},"10":{"start":{"line":29,"column":6},"end":{"line":32,"column":9}},"11":{"start":{"line":37,"column":35},"end":{"line":37,"column":43}},"12":{"start":{"line":38,"column":4},"end":{"line":53,"column":5}},"13":{"start":{"line":39,"column":6},"end":{"line":41,"column":7}},"14":{"start":{"line":40,"column":8},"end":{"line":40,"column":66}},"15":{"start":{"line":42,"column":25},"end":{"line":45,"column":8}},"16":{"start":{"line":47,"column":6},"end":{"line":50,"column":9}},"17":{"start":{"line":52,"column":6},"end":{"line":52,"column":29}},"18":{"start":{"line":57,"column":4},"end":{"line":89,"column":5}},"19":{"start":{"line":58,"column":21},"end":{"line":58,"column":31}},"20":{"start":{"line":60,"column":22},"end":{"line":60,"column":52}},"21":{"start":{"line":62,"column":6},"end":{"line":66,"column":7}},"22":{"start":{"line":63,"column":8},"end":{"line":65,"column":11}},"23":{"start":{"line":68,"column":37},"end":{"line":68,"column":45}},"24":{"start":{"line":69,"column":29},"end":{"line":78,"column":7}},"25":{"start":{"line":80,"column":6},"end":{"line":83,"column":9}},"26":{"start":{"line":85,"column":6},"end":{"line":88,"column":9}},"27":{"start":{"line":93,"column":4},"end":{"line":113,"column":5}},"28":{"start":{"line":94,"column":21},"end":{"line":94,"column":31}},"29":{"start":{"line":96,"column":20},"end":{"line":102,"column":7}},"30":{"start":{"line":104,"column":6},"end":{"line":107,"column":9}},"31":{"start":{"line":109,"column":6},"end":{"line":112,"column":9}},"32":{"start":{"line":116,"column":4},"end":{"line":136,"column":5}},"33":{"start":{"line":117,"column":21},"end":{"line":117,"column":31}},"34":{"start":{"line":118,"column":22},"end":{"line":121,"column":7}},"35":{"start":{"line":122,"column":23},"end":{"line":128,"column":7}},"36":{"start":{"line":130,"column":6},"end":{"line":133,"column":9}},"37":{"start":{"line":135,"column":6},"end":{"line":135,"column":25}},"38":{"start":{"line":140,"column":4},"end":{"line":161,"column":5}},"39":{"start":{"line":141,"column":21},"end":{"line":141,"column":31}},"40":{"start":{"line":142,"column":22},"end":{"line":144,"column":7}},"41":{"start":{"line":145,"column":23},"end":{"line":151,"column":7}},"42":{"start":{"line":153,"column":6},"end":{"line":156,"column":9}},"43":{"start":{"line":158,"column":6},"end":{"line":160,"column":9}},"44":{"start":{"line":165,"column":4},"end":{"line":187,"column":5}},"45":{"start":{"line":166,"column":21},"end":{"line":166,"column":31}},"46":{"start":{"line":168,"column":22},"end":{"line":168,"column":58}},"47":{"start":{"line":170,"column":6},"end":{"line":174,"column":7}},"48":{"start":{"line":171,"column":8},"end":{"line":173,"column":11}},"49":{"start":{"line":176,"column":29},"end":{"line":176,"column":74}},"50":{"start":{"line":178,"column":6},"end":{"line":181,"column":9}},"51":{"start":{"line":183,"column":6},"end":{"line":186,"column":9}}},"fnMap":{"0":{"name":"(anonymous_0)","decl":{"start":{"line":4,"column":2},"end":{"line":4,"column":3}},"loc":{"start":{"line":4,"column":37},"end":{"line":13,"column":3}},"line":4},"1":{"name":"(anonymous_1)","decl":{"start":{"line":15,"column":2},"end":{"line":15,"column":3}},"loc":{"start":{"line":15,"column":36},"end":{"line":34,"column":3}},"line":15},"2":{"name":"(anonymous_2)","decl":{"start":{"line":36,"column":2},"end":{"line":36,"column":3}},"loc":{"start":{"line":36,"column":39},"end":{"line":54,"column":3}},"line":36},"3":{"name":"(anonymous_3)","decl":{"start":{"line":56,"column":2},"end":{"line":56,"column":3}},"loc":{"start":{"line":56,"column":39},"end":{"line":90,"column":3}},"line":56},"4":{"name":"(anonymous_4)","decl":{"start":{"line":92,"column":2},"end":{"line":92,"column":3}},"loc":{"start":{"line":92,"column":37},"end":{"line":114,"column":3}},"line":92},"5":{"name":"(anonymous_5)","decl":{"start":{"line":115,"column":2},"end":{"line":115,"column":3}},"loc":{"start":{"line":115,"column":42},"end":{"line":137,"column":3}},"line":115},"6":{"name":"(anonymous_6)","decl":{"start":{"line":139,"column":2},"end":{"line":139,"column":3}},"loc":{"start":{"line":139,"column":35},"end":{"line":162,"column":3}},"line":139},"7":{"name":"(anonymous_7)","decl":{"start":{"line":164,"column":2},"end":{"line":164,"column":3}},"loc":{"start":{"line":164,"column":39},"end":{"line":188,"column":3}},"line":164}},"branchMap":{"0":{"loc":{"start":{"line":19,"column":6},"end":{"line":23,"column":7}},"type":"if","locations":[{"start":{"line":19,"column":6},"end":{"line":23,"column":7}},{"start":{},"end":{}}],"line":19},"1":{"loc":{"start":{"line":39,"column":6},"end":{"line":41,"column":7}},"type":"if","locations":[{"start":{"line":39,"column":6},"end":{"line":41,"column":7}},{"start":{},"end":{}}],"line":39},"2":{"loc":{"start":{"line":39,"column":10},"end":{"line":39,"column":32}},"type":"binary-expr","locations":[{"start":{"line":39,"column":10},"end":{"line":39,"column":16}},{"start":{"line":39,"column":20},"end":{"line":39,"column":32}}],"line":39},"3":{"loc":{"start":{"line":62,"column":6},"end":{"line":66,"column":7}},"type":"if","locations":[{"start":{"line":62,"column":6},"end":{"line":66,"column":7}},{"start":{},"end":{}}],"line":62},"4":{"loc":{"start":{"line":170,"column":6},"end":{"line":174,"column":7}},"type":"if","locations":[{"start":{"line":170,"column":6},"end":{"line":174,"column":7}},{"start":{},"end":{}}],"line":170}},"s":{"0":1,"1":1,"2":1,"3":0,"4":2,"5":2,"6":2,"7":1,"8":0,"9":1,"10":1,"11":2,"12":2,"13":2,"14":1,"15":2,"16":1,"17":1,"18":3,"19":3,"20":3,"21":3,"22":0,"23":3,"24":3,"25":2,"26":1,"27":3,"28":3,"29":3,"30":2,"31":1,"32":1,"33":1,"34":1,"35":1,"36":1,"37":0,"38":1,"39":1,"40":1,"41":1,"42":1,"43":0,"44":1,"45":1,"46":1,"47":1,"48":0,"49":1,"50":1,"51":0},"f":{"0":1,"1":2,"2":2,"3":3,"4":3,"5":1,"6":1,"7":1},"b":{"0":[0,1],"1":[1,1],"2":[2,1],"3":[0,3],"4":[0,1]},"_coverageSchema":"1a1c01bbd47fc00a2c39e90264f33305004495a9","hash":"1f0778a67ce1a77b1517a9c66b7fe438239d6f70"}
,"C:\\Users\\Dom Breaker\\Desktop\\dev\\Medium390Clone\\Backend\\src\\controllers\\user.js": {"path":"C:\\Users\\Dom Breaker\\Desktop\\dev\\Medium390Clone\\Backend\\src\\controllers\\user.js","statementMap":{"0":{"start":{"line":8,"column":48},"end":{"line":8,"column":56}},"1":{"start":{"line":10,"column":24},"end":{"line":10,"column":53}},"2":{"start":{"line":12,"column":4},"end":{"line":14,"column":5}},"3":{"start":{"line":13,"column":6},"end":{"line":13,"column":71}},"4":{"start":{"line":16,"column":27},"end":{"line":16,"column":59}},"5":{"start":{"line":18,"column":4},"end":{"line":20,"column":5}},"6":{"start":{"line":19,"column":6},"end":{"line":19,"column":74}},"7":{"start":{"line":22,"column":17},"end":{"line":22,"column":40}},"8":{"start":{"line":24,"column":25},"end":{"line":24,"column":58}},"9":{"start":{"line":25,"column":4},"end":{"line":42,"column":5}},"10":{"start":{"line":26,"column":19},"end":{"line":32,"column":8}},"11":{"start":{"line":34,"column":6},"end":{"line":37,"column":9}},"12":{"start":{"line":39,"column":6},"end":{"line":41,"column":9}},"13":{"start":{"line":46,"column":4},"end":{"line":80,"column":5}},"14":{"start":{"line":47,"column":34},"end":{"line":47,"column":42}},"15":{"start":{"line":48,"column":19},"end":{"line":48,"column":48}},"16":{"start":{"line":50,"column":6},"end":{"line":54,"column":7}},"17":{"start":{"line":51,"column":8},"end":{"line":53,"column":11}},"18":{"start":{"line":55,"column":24},"end":{"line":55,"column":69}},"19":{"start":{"line":56,"column":6},"end":{"line":60,"column":7}},"20":{"start":{"line":57,"column":8},"end":{"line":59,"column":61}},"21":{"start":{"line":61,"column":20},"end":{"line":61,"column":73}},"22":{"start":{"line":63,"column":6},"end":{"line":63,"column":61}},"23":{"start":{"line":65,"column":32},"end":{"line":65,"column":36}},"24":{"start":{"line":67,"column":6},"end":{"line":74,"column":9}},"25":{"start":{"line":76,"column":6},"end":{"line":79,"column":9}},"26":{"start":{"line":84,"column":4},"end":{"line":84,"column":29}},"27":{"start":{"line":85,"column":4},"end":{"line":87,"column":7}},"28":{"start":{"line":91,"column":4},"end":{"line":110,"column":5}},"29":{"start":{"line":92,"column":24},"end":{"line":92,"column":77}},"30":{"start":{"line":93,"column":6},"end":{"line":97,"column":7}},"31":{"start":{"line":94,"column":8},"end":{"line":96,"column":11}},"32":{"start":{"line":98,"column":45},"end":{"line":98,"column":54}},"33":{"start":{"line":99,"column":6},"end":{"line":104,"column":9}},"34":{"start":{"line":106,"column":6},"end":{"line":109,"column":9}},"35":{"start":{"line":114,"column":4},"end":{"line":144,"column":5}},"36":{"start":{"line":115,"column":24},"end":{"line":115,"column":77}},"37":{"start":{"line":116,"column":6},"end":{"line":120,"column":7}},"38":{"start":{"line":117,"column":8},"end":{"line":119,"column":11}},"39":{"start":{"line":121,"column":45},"end":{"line":121,"column":53}},"40":{"start":{"line":122,"column":29},"end":{"line":133,"column":7}},"41":{"start":{"line":135,"column":6},"end":{"line":138,"column":9}},"42":{"start":{"line":140,"column":6},"end":{"line":143,"column":9}}},"fnMap":{"0":{"name":"(anonymous_0)","decl":{"start":{"line":7,"column":2},"end":{"line":7,"column":3}},"loc":{"start":{"line":7,"column":38},"end":{"line":43,"column":3}},"line":7},"1":{"name":"(anonymous_1)","decl":{"start":{"line":45,"column":2},"end":{"line":45,"column":3}},"loc":{"start":{"line":45,"column":32},"end":{"line":81,"column":3}},"line":45},"2":{"name":"(anonymous_2)","decl":{"start":{"line":83,"column":2},"end":{"line":83,"column":3}},"loc":{"start":{"line":83,"column":27},"end":{"line":88,"column":3}},"line":83},"3":{"name":"(anonymous_3)","decl":{"start":{"line":90,"column":2},"end":{"line":90,"column":3}},"loc":{"start":{"line":90,"column":40},"end":{"line":111,"column":3}},"line":90},"4":{"name":"(anonymous_4)","decl":{"start":{"line":113,"column":2},"end":{"line":113,"column":3}},"loc":{"start":{"line":113,"column":43},"end":{"line":145,"column":3}},"line":113}},"branchMap":{"0":{"loc":{"start":{"line":12,"column":4},"end":{"line":14,"column":5}},"type":"if","locations":[{"start":{"line":12,"column":4},"end":{"line":14,"column":5}},{"start":{},"end":{}}],"line":12},"1":{"loc":{"start":{"line":18,"column":4},"end":{"line":20,"column":5}},"type":"if","locations":[{"start":{"line":18,"column":4},"end":{"line":20,"column":5}},{"start":{},"end":{}}],"line":18},"2":{"loc":{"start":{"line":50,"column":6},"end":{"line":54,"column":7}},"type":"if","locations":[{"start":{"line":50,"column":6},"end":{"line":54,"column":7}},{"start":{},"end":{}}],"line":50},"3":{"loc":{"start":{"line":56,"column":6},"end":{"line":60,"column":7}},"type":"if","locations":[{"start":{"line":56,"column":6},"end":{"line":60,"column":7}},{"start":{},"end":{}}],"line":56},"4":{"loc":{"start":{"line":93,"column":6},"end":{"line":97,"column":7}},"type":"if","locations":[{"start":{"line":93,"column":6},"end":{"line":97,"column":7}},{"start":{},"end":{}}],"line":93},"5":{"loc":{"start":{"line":116,"column":6},"end":{"line":120,"column":7}},"type":"if","locations":[{"start":{"line":116,"column":6},"end":{"line":120,"column":7}},{"start":{},"end":{}}],"line":116}},"s":{"0":3,"1":3,"2":3,"3":1,"4":2,"5":2,"6":1,"7":1,"8":1,"9":1,"10":1,"11":1,"12":0,"13":20,"14":20,"15":20,"16":20,"17":1,"18":19,"19":19,"20":1,"21":18,"22":18,"23":18,"24":18,"25":0,"26":1,"27":1,"28":2,"29":2,"30":2,"31":1,"32":1,"33":1,"34":0,"35":2,"36":2,"37":2,"38":1,"39":1,"40":1,"41":1,"42":0},"f":{"0":3,"1":20,"2":1,"3":2,"4":2},"b":{"0":[1,2],"1":[1,1],"2":[1,19],"3":[1,18],"4":[1,1],"5":[1,1]},"_coverageSchema":"1a1c01bbd47fc00a2c39e90264f33305004495a9","hash":"da5b06473c24ce06176ed3b8dc88c61cd2d41818"}
,"C:\\Users\\Dom Breaker\\Desktop\\dev\\Medium390Clone\\Backend\\src\\db\\db.js": {"path":"C:\\Users\\Dom Breaker\\Desktop\\dev\\Medium390Clone\\Backend\\src\\db\\db.js","statementMap":{"0":{"start":{"line":2,"column":21},"end":{"line":2,"column":32}},"1":{"start":{"line":4,"column":4},"end":{"line":11,"column":6}},"2":{"start":{"line":6,"column":8},"end":{"line":6,"column":47}},"3":{"start":{"line":9,"column":8},"end":{"line":9,"column":33}},"4":{"start":{"line":10,"column":8},"end":{"line":10,"column":23}}},"fnMap":{"0":{"name":"connect","decl":{"start":{"line":3,"column":9},"end":{"line":3,"column":16}},"loc":{"start":{"line":3,"column":18},"end":{"line":12,"column":1}},"line":3},"1":{"name":"(anonymous_1)","decl":{"start":{"line":5,"column":10},"end":{"line":5,"column":11}},"loc":{"start":{"line":5,"column":14},"end":{"line":7,"column":5}},"line":5},"2":{"name":"(anonymous_2)","decl":{"start":{"line":8,"column":11},"end":{"line":8,"column":12}},"loc":{"start":{"line":8,"column":20},"end":{"line":11,"column":5}},"line":8}},"branchMap":{},"s":{"0":3,"1":3,"2":3,"3":0,"4":0},"f":{"0":3,"1":3,"2":0},"b":{},"_coverageSchema":"1a1c01bbd47fc00a2c39e90264f33305004495a9","hash":"fae78625403ff73a9b933786e41877fddc71b95f"}
,"C:\\Users\\Dom Breaker\\Desktop\\dev\\Medium390Clone\\Backend\\src\\middleware\\checkAuth.js": {"path":"C:\\Users\\Dom Breaker\\Desktop\\dev\\Medium390Clone\\Backend\\src\\middleware\\checkAuth.js","statementMap":{"0":{"start":{"line":3,"column":25},"end":{"line":18,"column":1}},"1":{"start":{"line":4,"column":16},"end":{"line":4,"column":43}},"2":{"start":{"line":6,"column":2},"end":{"line":8,"column":3}},"3":{"start":{"line":7,"column":4},"end":{"line":7,"column":57}},"4":{"start":{"line":10,"column":2},"end":{"line":17,"column":3}},"5":{"start":{"line":11,"column":20},"end":{"line":11,"column":63}},"6":{"start":{"line":13,"column":4},"end":{"line":13,"column":23}},"7":{"start":{"line":14,"column":4},"end":{"line":14,"column":11}},"8":{"start":{"line":16,"column":4},"end":{"line":16,"column":51}}},"fnMap":{"0":{"name":"(anonymous_0)","decl":{"start":{"line":3,"column":25},"end":{"line":3,"column":26}},"loc":{"start":{"line":3,"column":45},"end":{"line":18,"column":1}},"line":3}},"branchMap":{"0":{"loc":{"start":{"line":6,"column":2},"end":{"line":8,"column":3}},"type":"if","locations":[{"start":{"line":6,"column":2},"end":{"line":8,"column":3}},{"start":{},"end":{}}],"line":6}},"s":{"0":3,"1":19,"2":19,"3":2,"4":17,"5":17,"6":17,"7":17,"8":0},"f":{"0":19},"b":{"0":[2,17]},"_coverageSchema":"1a1c01bbd47fc00a2c39e90264f33305004495a9","hash":"32f3b691082a83eaac916e5bafd7ba8d0e81ed18"}
,"C:\\Users\\Dom Breaker\\Desktop\\dev\\Medium390Clone\\Backend\\src\\middleware\\validate.js": {"path":"C:\\Users\\Dom Breaker\\Desktop\\dev\\Medium390Clone\\Backend\\src\\middleware\\validate.js","statementMap":{"0":{"start":{"line":4,"column":28},"end":{"line":11,"column":4}},"1":{"start":{"line":13,"column":18},"end":{"line":18,"column":4}}},"fnMap":{},"branchMap":{},"s":{"0":3,"1":3},"f":{},"b":{},"_coverageSchema":"1a1c01bbd47fc00a2c39e90264f33305004495a9","hash":"de6040924daab8d06a6b84d59ee5af74b527a2d1"}
,"C:\\Users\\Dom Breaker\\Desktop\\dev\\Medium390Clone\\Backend\\src\\model\\articles.js": {"path":"C:\\Users\\Dom Breaker\\Desktop\\dev\\Medium390Clone\\Backend\\src\\model\\articles.js","statementMap":{"0":{"start":{"line":3,"column":17},"end":{"line":3,"column":23}},"1":{"start":{"line":4,"column":21},"end":{"line":4,"column":42}},"2":{"start":{"line":5,"column":22},"end":{"line":28,"column":2}}},"fnMap":{},"branchMap":{},"s":{"0":3,"1":3,"2":3},"f":{},"b":{},"_coverageSchema":"1a1c01bbd47fc00a2c39e90264f33305004495a9","hash":"4c816982d300db704abcc537718ad050c2307ed3"}
,"C:\\Users\\Dom Breaker\\Desktop\\dev\\Medium390Clone\\Backend\\src\\model\\user.js": {"path":"C:\\Users\\Dom Breaker\\Desktop\\dev\\Medium390Clone\\Backend\\src\\model\\user.js","statementMap":{"0":{"start":{"line":3,"column":19},"end":{"line":31,"column":2}}},"fnMap":{},"branchMap":{},"s":{"0":3},"f":{},"b":{},"_coverageSchema":"1a1c01bbd47fc00a2c39e90264f33305004495a9","hash":"75882acb962f6252664bf27bb2b1ff4ca4687ed4"}
,"C:\\Users\\Dom Breaker\\Desktop\\dev\\Medium390Clone\\Backend\\src\\routes\\index.js": {"path":"C:\\Users\\Dom Breaker\\Desktop\\dev\\Medium390Clone\\Backend\\src\\routes\\index.js","statementMap":{"0":{"start":{"line":4,"column":15},"end":{"line":4,"column":23}},"1":{"start":{"line":6,"column":0},"end":{"line":6,"column":35}}},"fnMap":{},"branchMap":{},"s":{"0":3,"1":3},"f":{},"b":{},"_coverageSchema":"1a1c01bbd47fc00a2c39e90264f33305004495a9","hash":"d9d59d8146c0e409cba95ef000431f9ee66bc032"}
,"C:\\Users\\Dom Breaker\\Desktop\\dev\\Medium390Clone\\Backend\\src\\routes\\api-v1\\article.js": {"path":"C:\\Users\\Dom Breaker\\Desktop\\dev\\Medium390Clone\\Backend\\src\\routes\\api-v1\\article.js","statementMap":{"0":{"start":{"line":5,"column":21},"end":{"line":5,"column":29}},"1":{"start":{"line":7,"column":0},"end":{"line":7,"column":53}},"2":{"start":{"line":9,"column":0},"end":{"line":9,"column":66}},"3":{"start":{"line":11,"column":0},"end":{"line":11,"column":67}},"4":{"start":{"line":13,"column":0},"end":{"line":13,"column":69}},"5":{"start":{"line":14,"column":0},"end":{"line":14,"column":72}},"6":{"start":{"line":16,"column":0},"end":{"line":16,"column":73}},"7":{"start":{"line":17,"column":0},"end":{"line":21,"column":2}},"8":{"start":{"line":22,"column":0},"end":{"line":22,"column":75}}},"fnMap":{},"branchMap":{},"s":{"0":3,"1":3,"2":3,"3":3,"4":3,"5":3,"6":3,"7":3,"8":3},"f":{},"b":{},"_coverageSchema":"1a1c01bbd47fc00a2c39e90264f33305004495a9","hash":"41df768674cb894a4312888f11fc02f092e94c2b"}
,"C:\\Users\\Dom Breaker\\Desktop\\dev\\Medium390Clone\\Backend\\src\\routes\\api-v1\\auth.js": {"path":"C:\\Users\\Dom Breaker\\Desktop\\dev\\Medium390Clone\\Backend\\src\\routes\\api-v1\\auth.js","statementMap":{"0":{"start":{"line":5,"column":19},"end":{"line":5,"column":27}},"1":{"start":{"line":7,"column":0},"end":{"line":7,"column":83}},"2":{"start":{"line":8,"column":0},"end":{"line":8,"column":67}},"3":{"start":{"line":9,"column":0},"end":{"line":9,"column":52}}},"fnMap":{},"branchMap":{},"s":{"0":3,"1":3,"2":3,"3":3},"f":{},"b":{},"_coverageSchema":"1a1c01bbd47fc00a2c39e90264f33305004495a9","hash":"99bb58e125690c39ebcef569d90dff6d8a8f2237"}
,"C:\\Users\\Dom Breaker\\Desktop\\dev\\Medium390Clone\\Backend\\src\\routes\\api-v1\\index.js": {"path":"C:\\Users\\Dom Breaker\\Desktop\\dev\\Medium390Clone\\Backend\\src\\routes\\api-v1\\index.js","statementMap":{"0":{"start":{"line":6,"column":20},"end":{"line":6,"column":28}},"1":{"start":{"line":7,"column":0},"end":{"line":7,"column":41}},"2":{"start":{"line":8,"column":0},"end":{"line":8,"column":37}},"3":{"start":{"line":9,"column":0},"end":{"line":9,"column":44}}},"fnMap":{},"branchMap":{},"s":{"0":3,"1":3,"2":3,"3":3},"f":{},"b":{},"_coverageSchema":"1a1c01bbd47fc00a2c39e90264f33305004495a9","hash":"a97f2b5bc6954f8f48e56412439438015cb3af8a"}
,"C:\\Users\\Dom Breaker\\Desktop\\dev\\Medium390Clone\\Backend\\src\\routes\\api-v1\\user.js": {"path":"C:\\Users\\Dom Breaker\\Desktop\\dev\\Medium390Clone\\Backend\\src\\routes\\api-v1\\user.js","statementMap":{"0":{"start":{"line":5,"column":18},"end":{"line":5,"column":26}},"1":{"start":{"line":7,"column":0},"end":{"line":7,"column":70}},"2":{"start":{"line":8,"column":0},"end":{"line":8,"column":73}}},"fnMap":{},"branchMap":{},"s":{"0":3,"1":3,"2":3},"f":{},"b":{},"_coverageSchema":"1a1c01bbd47fc00a2c39e90264f33305004495a9","hash":"006a95437bc07d583c6b6b576be35e7c8441898f"}
,"C:\\Users\\Dom Breaker\\Desktop\\dev\\Medium390Clone\\Backend\\src\\test\\index.js": {"path":"C:\\Users\\Dom Breaker\\Desktop\\dev\\Medium390Clone\\Backend\\src\\test\\index.js","statementMap":{"0":{"start":{"line":4,"column":16},"end":{"line":4,"column":25}},"1":{"start":{"line":5,"column":20},"end":{"line":5,"column":32}},"2":{"start":{"line":8,"column":4},"end":{"line":8,"column":48}},"3":{"start":{"line":12,"column":4},"end":{"line":12,"column":47}},"4":{"start":{"line":16,"column":4},"end":{"line":16,"column":47}},"5":{"start":{"line":20,"column":4},"end":{"line":20,"column":50}}},"fnMap":{"0":{"name":"(anonymous_0)","decl":{"start":{"line":7,"column":2},"end":{"line":7,"column":3}},"loc":{"start":{"line":7,"column":19},"end":{"line":9,"column":3}},"line":7},"1":{"name":"(anonymous_1)","decl":{"start":{"line":11,"column":2},"end":{"line":11,"column":3}},"loc":{"start":{"line":11,"column":18},"end":{"line":13,"column":3}},"line":11},"2":{"name":"(anonymous_2)","decl":{"start":{"line":15,"column":2},"end":{"line":15,"column":3}},"loc":{"start":{"line":15,"column":18},"end":{"line":17,"column":3}},"line":15},"3":{"name":"(anonymous_3)","decl":{"start":{"line":19,"column":2},"end":{"line":19,"column":3}},"loc":{"start":{"line":19,"column":21},"end":{"line":21,"column":3}},"line":19}},"branchMap":{},"s":{"0":3,"1":3,"2":27,"3":6,"4":10,"5":1},"f":{"0":27,"1":6,"2":10,"3":1},"b":{},"_coverageSchema":"1a1c01bbd47fc00a2c39e90264f33305004495a9","hash":"7fcc57f83aac9c36bd92557f21b7eefce3addb23"}
,"C:\\Users\\Dom Breaker\\Desktop\\dev\\Medium390Clone\\Backend\\src\\test\\TestData\\articleTestData.js": {"path":"C:\\Users\\Dom Breaker\\Desktop\\dev\\Medium390Clone\\Backend\\src\\test\\TestData\\articleTestData.js","statementMap":{"0":{"start":{"line":6,"column":13},"end":{"line":6,"column":42}},"1":{"start":{"line":7,"column":13},"end":{"line":7,"column":42}},"2":{"start":{"line":8,"column":13},"end":{"line":8,"column":42}},"3":{"start":{"line":9,"column":13},"end":{"line":9,"column":42}},"4":{"start":{"line":10,"column":13},"end":{"line":10,"column":42}},"5":{"start":{"line":11,"column":13},"end":{"line":11,"column":42}},"6":{"start":{"line":12,"column":13},"end":{"line":12,"column":42}},"7":{"start":{"line":13,"column":13},"end":{"line":13,"column":42}},"8":{"start":{"line":14,"column":13},"end":{"line":14,"column":42}},"9":{"start":{"line":16,"column":13},"end":{"line":16,"column":69}},"10":{"start":{"line":20,"column":19},"end":{"line":61,"column":3}},"11":{"start":{"line":62,"column":2},"end":{"line":62,"column":38}},"12":{"start":{"line":66,"column":2},"end":{"line":66,"column":32}}},"fnMap":{"0":{"name":"createArticles","decl":{"start":{"line":18,"column":15},"end":{"line":18,"column":29}},"loc":{"start":{"line":18,"column":32},"end":{"line":63,"column":1}},"line":18},"1":{"name":"deleteArticles","decl":{"start":{"line":65,"column":15},"end":{"line":65,"column":29}},"loc":{"start":{"line":65,"column":32},"end":{"line":67,"column":1}},"line":65}},"branchMap":{},"s":{"0":1,"1":1,"2":1,"3":1,"4":1,"5":1,"6":1,"7":1,"8":1,"9":1,"10":15,"11":15,"12":15},"f":{"0":15,"1":15},"b":{},"_coverageSchema":"1a1c01bbd47fc00a2c39e90264f33305004495a9","hash":"a129007903b4f71770e963dd8f843ebae3f24c36"}
,"C:\\Users\\Dom Breaker\\Desktop\\dev\\Medium390Clone\\Backend\\src\\test\\TestData\\userTestData.js": {"path":"C:\\Users\\Dom Breaker\\Desktop\\dev\\Medium390Clone\\Backend\\src\\test\\TestData\\userTestData.js","statementMap":{"0":{"start":{"line":6,"column":13},"end":{"line":6,"column":42}},"1":{"start":{"line":7,"column":13},"end":{"line":7,"column":42}},"2":{"start":{"line":8,"column":13},"end":{"line":8,"column":42}},"3":{"start":{"line":9,"column":13},"end":{"line":9,"column":42}},"4":{"start":{"line":10,"column":13},"end":{"line":10,"column":42}},"5":{"start":{"line":11,"column":13},"end":{"line":11,"column":42}},"6":{"start":{"line":12,"column":13},"end":{"line":12,"column":42}},"7":{"start":{"line":13,"column":13},"end":{"line":13,"column":42}},"8":{"start":{"line":14,"column":13},"end":{"line":14,"column":42}},"9":{"start":{"line":16,"column":13},"end":{"line":16,"column":69}},"10":{"start":{"line":19,"column":19},"end":{"line":19,"column":29}},"11":{"start":{"line":20,"column":15},"end":{"line":20,"column":39}},"12":{"start":{"line":21,"column":21},"end":{"line":21,"column":54}},"13":{"start":{"line":22,"column":16},"end":{"line":79,"column":3}},"14":{"start":{"line":80,"column":2},"end":{"line":80,"column":31}},"15":{"start":{"line":84,"column":2},"end":{"line":84,"column":28}}},"fnMap":{"0":{"name":"createUsers","decl":{"start":{"line":18,"column":15},"end":{"line":18,"column":26}},"loc":{"start":{"line":18,"column":29},"end":{"line":81,"column":1}},"line":18},"1":{"name":"deleteUsers","decl":{"start":{"line":83,"column":15},"end":{"line":83,"column":26}},"loc":{"start":{"line":83,"column":29},"end":{"line":85,"column":1}},"line":83}},"branchMap":{},"s":{"0":3,"1":3,"2":3,"3":3,"4":3,"5":3,"6":3,"7":3,"8":3,"9":3,"10":27,"11":27,"12":27,"13":27,"14":27,"15":27},"f":{"0":27,"1":27},"b":{},"_coverageSchema":"1a1c01bbd47fc00a2c39e90264f33305004495a9","hash":"05a18541220c23426f37ebf7104b13c01745908d"}
}
