TN:
SF:src\app.js
FN:8,(anonymous_0)
FNF:1
FNH:0
FNDA:0,(anonymous_0)
DA:4,2
DA:5,2
DA:6,2
DA:7,2
DA:8,2
DA:9,0
LF:6
LH:5
BRF:0
BRH:0
end_of_record
TN:
SF:src\controllers\user.js
FN:7,(anonymous_0)
FN:45,(anonymous_1)
FN:83,(anonymous_2)
FN:90,(anonymous_3)
FN:116,(anonymous_4)
FNF:5
FNH:5
FNDA:3,(anonymous_0)
FNDA:7,(anonymous_1)
FNDA:1,(anonymous_2)
FNDA:2,(anonymous_3)
FNDA:2,(anonymous_4)
DA:8,3
DA:10,3
DA:12,3
DA:13,1
DA:16,2
DA:18,2
DA:19,1
DA:22,1
DA:24,1
DA:25,1
DA:26,1
DA:34,1
DA:39,0
DA:46,7
DA:47,7
DA:48,7
DA:50,7
DA:51,1
DA:55,6
DA:56,6
DA:57,1
DA:61,5
DA:63,5
DA:65,5
DA:67,5
DA:76,0
DA:84,1
DA:85,1
DA:91,2
DA:93,2
DA:94,2
DA:95,1
DA:96,0
DA:100,1
DA:101,1
DA:108,1
DA:117,2
DA:119,2
DA:120,2
DA:121,2
DA:122,1
DA:126,1
DA:127,1
DA:138,1
DA:143,0
LF:45
LH:41
BRDA:12,0,0,1
BRDA:12,0,1,2
BRDA:18,1,0,1
BRDA:18,1,1,1
BRDA:50,2,0,1
BRDA:50,2,1,6
BRDA:56,3,0,1
BRDA:56,3,1,5
BRDA:95,4,0,0
BRDA:95,4,1,1
BRDA:121,5,0,1
BRDA:121,5,1,1
BRF:12
BRH:11
end_of_record
TN:
SF:src\db\db.js
FN:3,connect
FN:5,(anonymous_1)
FN:8,(anonymous_2)
FNF:3
FNH:2
FNDA:2,connect
FNDA:2,(anonymous_1)
FNDA:0,(anonymous_2)
DA:2,2
DA:4,2
DA:6,2
DA:9,0
DA:10,0
LF:5
LH:3
BRF:0
BRH:0
end_of_record
TN:
SF:src\middleware\checkAuth.js
FN:3,(anonymous_0)
FNF:1
FNH:1
FNDA:5,(anonymous_0)
DA:3,2
DA:4,5
DA:6,5
DA:7,1
DA:10,4
DA:11,4
DA:13,4
DA:14,4
DA:16,0
LF:9
LH:8
BRDA:6,0,0,1
BRDA:6,0,1,4
BRF:2
BRH:2
end_of_record
TN:
SF:src\middleware\validate.js
FNF:0
FNH:0
DA:4,2
DA:13,2
LF:2
LH:2
BRF:0
BRH:0
end_of_record
TN:
SF:src\model\user.js
FNF:0
FNH:0
DA:3,2
LF:1
LH:1
BRF:0
BRH:0
end_of_record
TN:
SF:src\routes\index.js
FNF:0
FNH:0
DA:4,2
DA:6,2
LF:2
LH:2
BRF:0
BRH:0
end_of_record
TN:
SF:src\routes\api-v1\auth.js
FNF:0
FNH:0
DA:5,2
DA:7,2
DA:8,2
DA:9,2
LF:4
LH:4
BRF:0
BRH:0
end_of_record
TN:
SF:src\routes\api-v1\index.js
FNF:0
FNH:0
DA:5,2
DA:6,2
DA:7,2
LF:3
LH:3
BRF:0
BRH:0
end_of_record
TN:
SF:src\routes\api-v1\user.js
FNF:0
FNH:0
DA:5,2
DA:7,2
DA:8,2
LF:3
LH:3
BRF:0
BRH:0
end_of_record
TN:
SF:src\test\index.js
FN:7,(anonymous_0)
FN:11,(anonymous_1)
FN:15,(anonymous_2)
FN:19,(anonymous_3)
FNF:4
FNH:3
FNDA:11,(anonymous_0)
FNDA:3,(anonymous_1)
FNDA:2,(anonymous_2)
FNDA:0,(anonymous_3)
DA:4,2
DA:5,2
DA:8,11
DA:12,3
DA:16,2
DA:20,0
LF:6
LH:5
BRF:0
BRH:0
end_of_record
TN:
SF:src\test\TestData\userTestData.js
FN:18,createUsers
FN:83,deleteUsers
FNF:2
FNH:2
FNDA:12,createUsers
FNDA:12,deleteUsers
DA:6,2
DA:7,2
DA:8,2
DA:9,2
DA:10,2
DA:11,2
DA:12,2
DA:13,2
DA:14,2
DA:16,2
DA:19,12
DA:20,12
DA:21,12
DA:22,12
DA:80,12
DA:84,12
LF:16
LH:16
BRF:0
BRH:0
end_of_record
